2025-09-06 14:13:00 | DEBUG | repo=pv243-a4m36jee-2016-security-seminar | action=commit
2025-02-12 19:18:00 | WARN | repo=pv243-a4m36jee-2016-security-seminar | action=test | passed=true
2025-02-11 14:54:00 | WARN | repo=pv243-a4m36jee-2016-security-seminar | action=test | passed=true
2025-11-28 08:59:00 | WARN | repo=pv243-a4m36jee-2016-security-seminar | action=commit
2025-12-09 07:42:00 | WARN | repo=pv243-a4m36jee-2016-security-seminar | action=pull
2025-01-28 19:57:00 | DEBUG | repo=pv243-a4m36jee-2016-security-seminar | action=commit
2025-09-14 07:58:00 | INFO | repo=pv243-a4m36jee-2016-security-seminar | action=commit
2025-02-16 20:34:00 | INFO | repo=pv243-a4m36jee-2016-security-seminar | action=commit
2025-11-08 10:33:00 | DEBUG | repo=pv243-a4m36jee-2016-security-seminar | action=commit
2025-06-04 13:25:00 | WARN | repo=pv243-a4m36jee-2016-security-seminar | action=commit
2025-11-02 12:53:00 | WARN | repo=pv243-a4m36jee-2016-security-seminar | action=commit
2025-07-26 19:01:00 | WARN | repo=pv243-a4m36jee-2016-security-seminar | action=pull
2025-06-20 13:54:00 | WARN | repo=pv243-a4m36jee-2016-security-seminar | action=pull
2025-08-18 09:24:00 | DEBUG | repo=pv243-a4m36jee-2016-security-seminar | action=test | passed=true
2025-08-19 20:43:00 | INFO | repo=pv243-a4m36jee-2016-security-seminar | action=pull
2025-11-03 13:00:00 | INFO | repo=pv243-a4m36jee-2016-security-seminar | action=edit | files=5
2025-01-13 13:50:00 | WARN | repo=pv243-a4m36jee-2016-security-seminar | action=edit | files=5
2025-05-21 10:03:00 | INFO | repo=pv243-a4m36jee-2016-security-seminar | action=commit
2025-07-04 07:09:00 | DEBUG | repo=pv243-a4m36jee-2016-security-seminar | action=test | passed=true
2025-03-25 11:53:00 | DEBUG | repo=pv243-a4m36jee-2016-security-seminar | action=edit | files=4
2025-03-28 19:46:00 | INFO | repo=pv243-a4m36jee-2016-security-seminar | action=test | passed=true
2025-08-02 09:19:00 | WARN | repo=pv243-a4m36jee-2016-security-seminar | action=commit
